http://www.softlang.org/ontologies/ae#APIDescriptionArtifact
http://www.softlang.org/ontologies/ae#GrammarArtifact
http://www.softlang.org/ontologies/ae#GraphQueryArtifact
http://www.softlang.org/ontologies/ae#JSONDocumentArtifact
http://www.softlang.org/ontologies/ae#JSONSchemaArtifact
http://www.softlang.org/ontologies/ae#LogicProgramArtifact
http://www.softlang.org/ontologies/ae#MarkupArtifact
http://www.softlang.org/ontologies/ae#MetamodelArtifact
http://www.softlang.org/ontologies/ae#ModelArtifact
http://www.softlang.org/ontologies/ae#OntologyArtifact
http://www.softlang.org/ontologies/ae#ProgramArtifact
http://www.softlang.org/ontologies/ae#ProofArtifact
http://www.softlang.org/ontologies/ae#PropertyGraphArtifact
http://www.softlang.org/ontologies/ae#RDFGraphArtifact
http://www.softlang.org/ontologies/ae#RelationalDataArtifact
http://www.softlang.org/ontologies/ae#RelationalQueryArtifact
http://www.softlang.org/ontologies/ae#RelationalSchemaArtifact
http://www.softlang.org/ontologies/ae#RuleArtifact
http://www.softlang.org/ontologies/ae#ShapeArtifact
http://www.softlang.org/ontologies/ae#XMLDocumentArtifact
http://www.softlang.org/ontologies/ae#XMLSchemaArtifact
