http://www.softlang.org/ontologies/le#ATL
http://www.softlang.org/ontologies/le#BNF
http://www.softlang.org/ontologies/le#BackusNaurForm
http://www.softlang.org/ontologies/le#BuildScriptingLanguage
http://www.softlang.org/ontologies/le#ConfigurationLanguage
http://www.softlang.org/ontologies/le#ConstraintLanguage
http://www.softlang.org/ontologies/le#Coq
http://www.softlang.org/ontologies/le#Cypher
http://www.softlang.org/ontologies/le#DataDefinitionLanguage
http://www.softlang.org/ontologies/le#DataManipulationLanguage
http://www.softlang.org/ontologies/le#DocumentTransformationLanguage
http://www.softlang.org/ontologies/le#EBNF
http://www.softlang.org/ontologies/le#Ecore
http://www.softlang.org/ontologies/le#ExtendedBackusNaurForm
http://www.softlang.org/ontologies/le#GrammarMetalanguage
http://www.softlang.org/ontologies/le#GrammarTransformationLanguage
http://www.softlang.org/ontologies/le#GraphQLSchema
http://www.softlang.org/ontologies/le#GraphQueryLanguage
http://www.softlang.org/ontologies/le#GraphQueryLanguageStandard
http://www.softlang.org/ontologies/le#Gremlin
http://www.softlang.org/ontologies/le#HTML
http://www.softlang.org/ontologies/le#InterfaceDescriptionLanguage
http://www.softlang.org/ontologies/le#JSON
http://www.softlang.org/ontologies/le#JSONQueryLanguage
http://www.softlang.org/ontologies/le#JSONSchema
http://www.softlang.org/ontologies/le#JSONSchemaLanguage
http://www.softlang.org/ontologies/le#Lean
http://www.softlang.org/ontologies/le#MOF
http://www.softlang.org/ontologies/le#Makefile
http://www.softlang.org/ontologies/le#MappingLanguage
http://www.softlang.org/ontologies/le#Markdown
http://www.softlang.org/ontologies/le#MarkupLanguage
http://www.softlang.org/ontologies/le#Metalanguage
http://www.softlang.org/ontologies/le#MetamodelingLanguage
http://www.softlang.org/ontologies/le#ModelTransformationLanguage
http://www.softlang.org/ontologies/le#ModelingLanguage
http://www.softlang.org/ontologies/le#OCL
http://www.softlang.org/ontologies/le#OWL
http://www.softlang.org/ontologies/le#OntologyLanguage
http://www.softlang.org/ontologies/le#OpenAPI
http://www.softlang.org/ontologies/le#PetriNet
http://www.softlang.org/ontologies/le#ProofLanguage
http://www.softlang.org/ontologies/le#PropertyGraphDataModelLanguage
http://www.softlang.org/ontologies/le#QVT
http://www.softlang.org/ontologies/le#QueryLanguage
http://www.softlang.org/ontologies/le#RDF
http://www.softlang.org/ontologies/le#RDFS
http://www.softlang.org/ontologies/le#RELAXNG
http://www.softlang.org/ontologies/le#RelationalQueryLanguage
http://www.softlang.org/ontologies/le#RequirementsInterchangeFormat
http://www.softlang.org/ontologies/le#RequirementsSpecificationLanguage
http://www.softlang.org/ontologies/le#RuleLanguage
http://www.softlang.org/ontologies/le#SHACL
http://www.softlang.org/ontologies/le#SPARQL
http://www.softlang.org/ontologies/le#SQL
http://www.softlang.org/ontologies/le#SQLDDL
http://www.softlang.org/ontologies/le#SQLDML
http://www.softlang.org/ontologies/le#SQLQuery
http://www.softlang.org/ontologies/le#SWRL
http://www.softlang.org/ontologies/le#SchemaLanguage
http://www.softlang.org/ontologies/le#SemanticDataModelLanguage
http://www.softlang.org/ontologies/le#SemanticQueryLanguage
http://www.softlang.org/ontologies/le#ShEx
http://www.softlang.org/ontologies/le#TransformationLanguage
http://www.softlang.org/ontologies/le#UMLStateMachine
http://www.softlang.org/ontologies/le#XML
http://www.softlang.org/ontologies/le#XMLQueryLanguage
http://www.softlang.org/ontologies/le#XMLSchema
http://www.softlang.org/ontologies/le#XMLSchemaLanguage
http://www.softlang.org/ontologies/le#XPath
http://www.softlang.org/ontologies/le#XQuery
http://www.softlang.org/ontologies/le#XSLT
http://www.softlang.org/ontologies/le#YAML
http://www.softlang.org/ontologies/pe#Ada
http://www.softlang.org/ontologies/pe#Assembly_Language
http://www.softlang.org/ontologies/pe#C
http://www.softlang.org/ontologies/pe#COBOL
http://www.softlang.org/ontologies/pe#C_Sharp
http://www.softlang.org/ontologies/pe#Cpp
http://www.softlang.org/ontologies/pe#Datalog
http://www.softlang.org/ontologies/pe#Delphi_Object_Pascal
http://www.softlang.org/ontologies/pe#F_Sharp
http://www.softlang.org/ontologies/pe#Fortran
http://www.softlang.org/ontologies/pe#Go
http://www.softlang.org/ontologies/pe#Haskell
http://www.softlang.org/ontologies/pe#Java
http://www.softlang.org/ontologies/pe#JavaScript
http://www.softlang.org/ontologies/pe#Koka
http://www.softlang.org/ontologies/pe#MATLAB
http://www.softlang.org/ontologies/pe#PHP
http://www.softlang.org/ontologies/pe#Pascal
http://www.softlang.org/ontologies/pe#Perl
http://www.softlang.org/ontologies/pe#ProgrammingLanguage
http://www.softlang.org/ontologies/pe#Prolog
http://www.softlang.org/ontologies/pe#Python
http://www.softlang.org/ontologies/pe#R
http://www.softlang.org/ontologies/pe#Rust
http://www.softlang.org/ontologies/pe#Scheme
http://www.softlang.org/ontologies/pe#Scratch
http://www.softlang.org/ontologies/pe#Swift
http://www.softlang.org/ontologies/pe#Visual_Basic
