http://www.softlang.org/ontologies/te#APIWorkbench
http://www.softlang.org/ontologies/te#Compiler
http://www.softlang.org/ontologies/te#GrammarAnalyzer
http://www.softlang.org/ontologies/te#GrammarTransformationEngine
http://www.softlang.org/ontologies/te#GraphDatabase
http://www.softlang.org/ontologies/te#GraphDatabaseManagementSystem
http://www.softlang.org/ontologies/te#Interpreter
http://www.softlang.org/ontologies/te#JSONProcessor
http://www.softlang.org/ontologies/te#LogicProgrammingSystem
http://www.softlang.org/ontologies/te#MarkupProcessor
http://www.softlang.org/ontologies/te#ModelTransformationEngine
http://www.softlang.org/ontologies/te#ModelValidator
http://www.softlang.org/ontologies/te#ModelingWorkbench
http://www.softlang.org/ontologies/te#OntologyEditor
http://www.softlang.org/ontologies/te#ParserGenerator
http://www.softlang.org/ontologies/te#ProofAssistant
http://www.softlang.org/ontologies/te#QueryProcessor
http://www.softlang.org/ontologies/te#Reasoner
http://www.softlang.org/ontologies/te#RelationalDatabaseManagementSystem
http://www.softlang.org/ontologies/te#RuleEngine
http://www.softlang.org/ontologies/te#SemanticReasoner
http://www.softlang.org/ontologies/te#StaticAnalyzer
http://www.softlang.org/ontologies/te#TransformationEngine
http://www.softlang.org/ontologies/te#TripleStore
http://www.softlang.org/ontologies/te#Validator
http://www.softlang.org/ontologies/te#XMLProcessor
