http://www.softlang.org/ontologies/ce#AcceptanceTesting
http://www.softlang.org/ontologies/ce#Auditing
http://www.softlang.org/ontologies/ce#BackupAndRecovery
http://www.softlang.org/ontologies/ce#BugFixing
http://www.softlang.org/ontologies/ce#CapacityPlanning
http://www.softlang.org/ontologies/ce#ChangeManagement
http://www.softlang.org/ontologies/ce#ComplianceManagement
http://www.softlang.org/ontologies/ce#ConfigurationManagementPlanning
http://www.softlang.org/ontologies/ce#ContinuousDelivery
http://www.softlang.org/ontologies/ce#ContinuousDeployment
http://www.softlang.org/ontologies/ce#ContinuousIntegration
http://www.softlang.org/ontologies/ce#DependencyManagement
http://www.softlang.org/ontologies/ce#Deployment
http://www.softlang.org/ontologies/ce#DesignValidation
http://www.softlang.org/ontologies/ce#DevOpsPractice
http://www.softlang.org/ontologies/ce#Documentation
http://www.softlang.org/ontologies/ce#EffortEstimation
http://www.softlang.org/ontologies/ce#EnvironmentProvisioning
http://www.softlang.org/ontologies/ce#Experimentation
http://www.softlang.org/ontologies/ce#FeatureEnhancement
http://www.softlang.org/ontologies/ce#HighLevelDesign
http://www.softlang.org/ontologies/ce#IncidentManagement
http://www.softlang.org/ontologies/ce#IntegrationTesting
http://www.softlang.org/ontologies/ce#KnowledgeManagement
http://www.softlang.org/ontologies/ce#Logging
http://www.softlang.org/ontologies/ce#LowLevelDesign
http://www.softlang.org/ontologies/ce#Migration
http://www.softlang.org/ontologies/ce#Monitoring
http://www.softlang.org/ontologies/ce#Packaging
http://www.softlang.org/ontologies/ce#Patching
http://www.softlang.org/ontologies/ce#PerformanceTesting
http://www.softlang.org/ontologies/ce#PerformanceTuning
http://www.softlang.org/ontologies/ce#ProcessDefinition
http://www.softlang.org/ontologies/ce#ProjectPlanning
http://www.softlang.org/ontologies/ce#QualityAssurance
http://www.softlang.org/ontologies/ce#QualityControl
http://www.softlang.org/ontologies/ce#Reengineering
http://www.softlang.org/ontologies/ce#ReleaseManagement
http://www.softlang.org/ontologies/ce#RequirementsElicitation
http://www.softlang.org/ontologies/ce#RequirementsManagement
http://www.softlang.org/ontologies/ce#RequirementsPrioritization
http://www.softlang.org/ontologies/ce#RequirementsValidation
http://www.softlang.org/ontologies/ce#ResourceAllocation
http://www.softlang.org/ontologies/ce#RiskManagement
http://www.softlang.org/ontologies/ce#Roadmapping
http://www.softlang.org/ontologies/ce#RollbackManagement
http://www.softlang.org/ontologies/ce#SecurityManagement
http://www.softlang.org/ontologies/ce#SecurityTesting
http://www.softlang.org/ontologies/ce#StakeholderManagement
http://www.softlang.org/ontologies/ce#SystemTesting
http://www.softlang.org/ontologies/ce#TechnicalDebtManagement
http://www.softlang.org/ontologies/ce#TestingActivity
http://www.softlang.org/ontologies/ce#ToolingSetup
http://www.softlang.org/ontologies/ce#TrainingAndOnboarding
http://www.softlang.org/ontologies/ce#UXUIDesign
http://www.softlang.org/ontologies/ce#UnitTesting
http://www.softlang.org/ontologies/ce#UsabilityTesting
http://www.softlang.org/ontologies/ce#UserAcceptanceTesting
http://www.softlang.org/ontologies/ce#ValidationActivity
http://www.softlang.org/ontologies/ce#ValidationTestingActivity
http://www.softlang.org/ontologies/ce#VerificationActivity
http://www.softlang.org/ontologies/ce#VerificationTestingActivity
http://www.softlang.org/ontologies/ce#Versioning
