http://www.softlang.org/ontologies/ce#AbstractionConcept
http://www.softlang.org/ontologies/ce#BindingConcept
http://www.softlang.org/ontologies/ce#CodeGenerationConcept
http://www.softlang.org/ontologies/ce#CompositeConcept
http://www.softlang.org/ontologies/ce#ConcurrencyConcept
http://www.softlang.org/ontologies/ce#ConstraintConcept
http://www.softlang.org/ontologies/ce#ControlConcept
http://www.softlang.org/ontologies/ce#DataConcept
http://www.softlang.org/ontologies/ce#EffectConcept
http://www.softlang.org/ontologies/ce#ErrorHandlingConcept
http://www.softlang.org/ontologies/ce#EvaluationStrategyConcept
http://www.softlang.org/ontologies/ce#GrammarConcept
http://www.softlang.org/ontologies/ce#HigherOrderConcept
http://www.softlang.org/ontologies/ce#ImplementationMechanismConcept
http://www.softlang.org/ontologies/ce#KnowledgeRepresentationConcept
http://www.softlang.org/ontologies/ce#LifetimeConcept
http://www.softlang.org/ontologies/ce#MetaprogrammingConcept
http://www.softlang.org/ontologies/ce#ModelingConcept
http://www.softlang.org/ontologies/ce#ModularityConcept
http://www.softlang.org/ontologies/ce#MutabilityConcept
http://www.softlang.org/ontologies/ce#ParadigmConcept
http://www.softlang.org/ontologies/ce#ParallelismConcept
http://www.softlang.org/ontologies/ce#PrimitiveConcept
http://www.softlang.org/ontologies/ce#ProofConcept
http://www.softlang.org/ontologies/ce#QueryConcept
http://www.softlang.org/ontologies/ce#SchemaConcept
http://www.softlang.org/ontologies/ce#ScopeConcept
http://www.softlang.org/ontologies/ce#StateConcept
http://www.softlang.org/ontologies/ce#StructuredComputationConcept
http://www.softlang.org/ontologies/ce#TransformationConcept
http://www.softlang.org/ontologies/ce#TypeConcept
