http://www.softlang.org/ontologies/ce#Abstraction
http://www.softlang.org/ontologies/ce#ActorBasedConcurrency
http://www.softlang.org/ontologies/ce#Actors
http://www.softlang.org/ontologies/ce#AdHocPolymorphism
http://www.softlang.org/ontologies/ce#AlgebraicDataTypes
http://www.softlang.org/ontologies/ce#ApplicativeStyle
http://www.softlang.org/ontologies/ce#ArrowStyle
http://www.softlang.org/ontologies/ce#AsyncEventDrivenConcurrency
http://www.softlang.org/ontologies/ce#Backtracking
http://www.softlang.org/ontologies/ce#BacktrackingMechanism
http://www.softlang.org/ontologies/ce#Binding
http://www.softlang.org/ontologies/ce#BindingTime
http://www.softlang.org/ontologies/ce#Branching
http://www.softlang.org/ontologies/ce#CallByNeed
http://www.softlang.org/ontologies/ce#CallByValue
http://www.softlang.org/ontologies/ce#ClassBasedMechanism
http://www.softlang.org/ontologies/ce#Closures
http://www.softlang.org/ontologies/ce#CompositionVsInheritance
http://www.softlang.org/ontologies/ce#ComputationExpressionMechanism
http://www.softlang.org/ontologies/ce#ComputationalParadigmsAndEvaluationModels
http://www.softlang.org/ontologies/ce#Concurrency
http://www.softlang.org/ontologies/ce#ContinuationOperatorMechanism
http://www.softlang.org/ontologies/ce#ContinuationPassingStyle
http://www.softlang.org/ontologies/ce#Continuations
http://www.softlang.org/ontologies/ce#ControlFlow
http://www.softlang.org/ontologies/ce#Coroutines
http://www.softlang.org/ontologies/ce#Data
http://www.softlang.org/ontologies/ce#DataAbstraction
http://www.softlang.org/ontologies/ce#DataParallelism
http://www.softlang.org/ontologies/ce#DeclarativeParadigm
http://www.softlang.org/ontologies/ce#DynamicTyping
http://www.softlang.org/ontologies/ce#EagerEvaluation
http://www.softlang.org/ontologies/ce#EffectHandlerMechanism
http://www.softlang.org/ontologies/ce#EffectHandlerStyle
http://www.softlang.org/ontologies/ce#Effects
http://www.softlang.org/ontologies/ce#Encapsulation
http://www.softlang.org/ontologies/ce#Enums
http://www.softlang.org/ontologies/ce#ErrorHandling
http://www.softlang.org/ontologies/ce#EvaluationStrategy
http://www.softlang.org/ontologies/ce#ExceptionMechanism
http://www.softlang.org/ontologies/ce#Exceptions
http://www.softlang.org/ontologies/ce#ExceptionsAsEffects
http://www.softlang.org/ontologies/ce#FirstClassFunctions
http://www.softlang.org/ontologies/ce#FirstClassModules
http://www.softlang.org/ontologies/ce#FunctionAbstraction
http://www.softlang.org/ontologies/ce#FunctionalParadigm
http://www.softlang.org/ontologies/ce#FuturesAndPromises
http://www.softlang.org/ontologies/ce#GeneratorProtocolMechanism
http://www.softlang.org/ontologies/ce#HeapLifetime
http://www.softlang.org/ontologies/ce#HigherOrderEntities
http://www.softlang.org/ontologies/ce#HigherOrderFunctions
http://www.softlang.org/ontologies/ce#IOEffects
http://www.softlang.org/ontologies/ce#ImmutableData
http://www.softlang.org/ontologies/ce#ImperativeParadigm
http://www.softlang.org/ontologies/ce#InterfacesAndContracts
http://www.softlang.org/ontologies/ce#Introspection
http://www.softlang.org/ontologies/ce#Iteration
http://www.softlang.org/ontologies/ce#IteratorsAndGenerators
http://www.softlang.org/ontologies/ce#KindPolymorphism
http://www.softlang.org/ontologies/ce#LazyEvaluation
http://www.softlang.org/ontologies/ce#LexicalScope
http://www.softlang.org/ontologies/ce#Lifetime
http://www.softlang.org/ontologies/ce#Lists
http://www.softlang.org/ontologies/ce#LogicParadigm
http://www.softlang.org/ontologies/ce#Macros
http://www.softlang.org/ontologies/ce#MessagePassingConcurrency
http://www.softlang.org/ontologies/ce#Metaprogramming
http://www.softlang.org/ontologies/ce#Modularity
http://www.softlang.org/ontologies/ce#ModuleAbstraction
http://www.softlang.org/ontologies/ce#Modules
http://www.softlang.org/ontologies/ce#MonadicStyle
http://www.softlang.org/ontologies/ce#Mutability
http://www.softlang.org/ontologies/ce#MutableData
http://www.softlang.org/ontologies/ce#NameBinding
http://www.softlang.org/ontologies/ce#Namespaces
http://www.softlang.org/ontologies/ce#ObjectOrientedParadigm
http://www.softlang.org/ontologies/ce#Objects
http://www.softlang.org/ontologies/ce#ObjectsAsData
http://www.softlang.org/ontologies/ce#OptionResultTypes
http://www.softlang.org/ontologies/ce#Packages
http://www.softlang.org/ontologies/ce#Parallelism
http://www.softlang.org/ontologies/ce#ParametricPolymorphism
http://www.softlang.org/ontologies/ce#PipelineOperatorMechanism
http://www.softlang.org/ontologies/ce#PipelineStyle
http://www.softlang.org/ontologies/ce#PrimitiveValues
http://www.softlang.org/ontologies/ce#ProceduralAbstraction
http://www.softlang.org/ontologies/ce#ProductLikeData
http://www.softlang.org/ontologies/ce#PureComputation
http://www.softlang.org/ontologies/ce#Records
http://www.softlang.org/ontologies/ce#Recursion
http://www.softlang.org/ontologies/ce#RecursiveData
http://www.softlang.org/ontologies/ce#ReferenceSemantics
http://www.softlang.org/ontologies/ce#ReferencesAndPointers
http://www.softlang.org/ontologies/ce#Reflection
http://www.softlang.org/ontologies/ce#RuleAndPredicateMechanism
http://www.softlang.org/ontologies/ce#Scope
http://www.softlang.org/ontologies/ce#Sequencing
http://www.softlang.org/ontologies/ce#SharedMemoryConcurrency
http://www.softlang.org/ontologies/ce#ShortCircuitEvaluation
http://www.softlang.org/ontologies/ce#SideEffects
http://www.softlang.org/ontologies/ce#SoftwareTransactionalMemory
http://www.softlang.org/ontologies/ce#StackLifetime
http://www.softlang.org/ontologies/ce#State
http://www.softlang.org/ontologies/ce#StaticTyping
http://www.softlang.org/ontologies/ce#StrongTyping
http://www.softlang.org/ontologies/ce#StructuredComputationAbstractions
http://www.softlang.org/ontologies/ce#Subtyping
http://www.softlang.org/ontologies/ce#SumLikeData
http://www.softlang.org/ontologies/ce#TaskLibraryMechanism
http://www.softlang.org/ontologies/ce#TaskParallelism
http://www.softlang.org/ontologies/ce#Tuples
http://www.softlang.org/ontologies/ce#TypeAbstraction
http://www.softlang.org/ontologies/ce#TypeClassBasedMechanism
http://www.softlang.org/ontologies/ce#TypeInference
http://www.softlang.org/ontologies/ce#Types
http://www.softlang.org/ontologies/ce#ValueSemantics
http://www.softlang.org/ontologies/ce#VariablesAsState
http://www.softlang.org/ontologies/ce#Variants
